# JRE version: OpenJDK Runtime Environment Temurin-21.0.9+10 (21.0.9+10) (build 21.0.9+10-LTS)
# Java VM: OpenJDK 64-Bit Server VM Temurin-21.0.9+10 (21.0.9+10-LTS, mixed mode, sharing, tiered, compressed oops, compressed class ptrs, parallel gc, windows-amd64)
GC Precious Log:
 CardTable entry size: 512
 CPUs: 8 total, 8 available
 Memory: 6082M
 Large Page Support: Disabled
 NUMA Support: Disabled
 Compressed Oops: Enabled (32-bit)
 Alignments: Space 512K, Generation 512K, Heap 2M
 Heap Min Capacity: 100M
 Heap Initial Capacity: 100M
 Heap Max Capacity: 2G
 Pre-touch: Disabled
 Parallel Workers: 8
Heap:
 PSYoungGen      total 9216K, used 3913K [0x00000000d5580000, 0x00000000d6200000, 0x0000000100000000)
  eden space 5632K, 12% used [0x00000000d5580000,0x00000000d562dbc0,0x00000000d5b00000)
  from space 3584K, 89% used [0x00000000d5b00000,0x00000000d5e24960,0x00000000d5e80000)
  to   space 3584K, 0% used [0x00000000d5e80000,0x00000000d5e80000,0x00000000d6200000)
 ParOldGen       total 749056K, used 748564K [0x0000000080000000, 0x00000000adb80000, 0x00000000d5580000)
  object space 749056K, 99% used [0x0000000080000000,0x00000000adb052d0,0x00000000adb80000)
 Metaspace       used 87787K, committed 89472K, reserved 1179648K
  class space    used 9137K, committed 9856K, reserved 1048576K
GC Heap History (20 events):
Event: 894.317 GC heap before
{Heap before GC invocations=1176 (full 4):
 PSYoungGen      total 6144K, used 5904K [0x00000000d5580000, 0x00000000d5e00000, 0x0000000100000000)
  eden space 4608K, 100% used [0x00000000d5580000,0x00000000d5a00000,0x00000000d5a00000)
  from space 1536K, 84% used [0x00000000d5a00000,0x00000000d5b44010,0x00000000d5b80000)
  to   space 1536K, 0% used [0x00000000d5c80000,0x00000000d5c80000,0x00000000d5e00000)
 ParOldGen       total 738816K, used 738482K [0x0000000080000000, 0x00000000ad180000, 0x00000000d5580000)
  object space 738816K, 99% used [0x0000000080000000,0x00000000ad12c8d0,0x00000000ad180000)
 Metaspace       used 87768K, committed 89472K, reserved 1179648K
  class space    used 9137K, committed 9856K, reserved 1048576K
}
Event: 894.321 GC heap after
{Heap after GC invocations=1176 (full 4):
 PSYoungGen      total 7168K, used 1136K [0x00000000d5580000, 0x00000000d5e00000, 0x0000000100000000)
  eden space 5632K, 0% used [0x00000000d5580000,0x00000000d5580000,0x00000000d5b00000)
  from space 1536K, 73% used [0x00000000d5c80000,0x00000000d5d9c010,0x00000000d5e00000)
  to   space 1536K, 0% used [0x00000000d5b00000,0x00000000d5b00000,0x00000000d5c80000)
 ParOldGen       total 739840K, used 739615K [0x0000000080000000, 0x00000000ad280000, 0x00000000d5580000)
  object space 739840K, 99% used [0x0000000080000000,0x00000000ad247fe8,0x00000000ad280000)
 Metaspace       used 87768K, committed 89472K, reserved 1179648K
  class space    used 9137K, committed 9856K, reserved 1048576K
}
Event: 894.334 GC heap before
{Heap before GC invocations=1177 (full 4):
 PSYoungGen      total 7168K, used 6768K [0x00000000d5580000, 0x00000000d5e00000, 0x0000000100000000)
  eden space 5632K, 100% used [0x00000000d5580000,0x00000000d5b00000,0x00000000d5b00000)
  from space 1536K, 73% used [0x00000000d5c80000,0x00000000d5d9c010,0x00000000d5e00000)
  to   space 1536K, 0% used [0x00000000d5b00000,0x00000000d5b00000,0x00000000d5c80000)
 ParOldGen       total 739840K, used 739615K [0x0000000080000000, 0x00000000ad280000, 0x00000000d5580000)
  object space 739840K, 99% used [0x0000000080000000,0x00000000ad247fe8,0x00000000ad280000)
 Metaspace       used 87768K, committed 89472K, reserved 1179648K
  class space    used 9137K, committed 9856K, reserved 1048576K
}
Event: 894.338 GC heap after
{Heap after GC invocations=1177 (full 4):
 PSYoungGen      total 7168K, used 1248K [0x00000000d5580000, 0x00000000d5f80000, 0x0000000100000000)
  eden space 5632K, 0% used [0x00000000d5580000,0x00000000d5580000,0x00000000d5b00000)
  from space 1536K, 81% used [0x00000000d5b00000,0x00000000d5c38000,0x00000000d5c80000)
  to   space 1536K, 0% used [0x00000000d5e00000,0x00000000d5e00000,0x00000000d5f80000)
 ParOldGen       total 740864K, used 740627K [0x0000000080000000, 0x00000000ad380000, 0x00000000d5580000)
  object space 740864K, 99% used [0x0000000080000000,0x00000000ad344c18,0x00000000ad380000)
 Metaspace       used 87768K, committed 89472K, reserved 1179648K
  class space    used 9137K, committed 9856K, reserved 1048576K
}
Event: 894.473 GC heap before
{Heap before GC invocations=1178 (full 4):
 PSYoungGen      total 7168K, used 6880K [0x00000000d5580000, 0x00000000d5f80000, 0x0000000100000000)
  eden space 5632K, 100% used [0x00000000d5580000,0x00000000d5b00000,0x00000000d5b00000)
  from space 1536K, 81% used [0x00000000d5b00000,0x00000000d5c38000,0x00000000d5c80000)
  to   space 1536K, 0% used [0x00000000d5e00000,0x00000000d5e00000,0x00000000d5f80000)
 ParOldGen       total 740864K, used 740627K [0x0000000080000000, 0x00000000ad380000, 0x00000000d5580000)
  object space 740864K, 99% used [0x0000000080000000,0x00000000ad344c18,0x00000000ad380000)
 Metaspace       used 87770K, committed 89472K, reserved 1179648K
  class space    used 9137K, committed 9856K, reserved 1048576K
}
Event: 894.479 GC heap after
{Heap after GC invocations=1178 (full 4):
 PSYoungGen      total 8704K, used 1312K [0x00000000d5580000, 0x00000000d5f80000, 0x0000000100000000)
  eden space 7168K, 0% used [0x00000000d5580000,0x00000000d5580000,0x00000000d5c80000)
  from space 1536K, 85% used [0x00000000d5e00000,0x00000000d5f48000,0x00000000d5f80000)
  to   space 1536K, 0% used [0x00000000d5c80000,0x00000000d5c80000,0x00000000d5e00000)
 ParOldGen       total 741888K, used 741773K [0x0000000080000000, 0x00000000ad480000, 0x00000000d5580000)
  object space 741888K, 99% used [0x0000000080000000,0x00000000ad463620,0x00000000ad480000)
 Metaspace       used 87770K, committed 89472K, reserved 1179648K
  class space    used 9137K, committed 9856K, reserved 1048576K
}
Event: 894.801 GC heap before
{Heap before GC invocations=1179 (full 4):
 PSYoungGen      total 8704K, used 8480K [0x00000000d5580000, 0x00000000d5f80000, 0x0000000100000000)
  eden space 7168K, 100% used [0x00000000d5580000,0x00000000d5c80000,0x00000000d5c80000)
  from space 1536K, 85% used [0x00000000d5e00000,0x00000000d5f48000,0x00000000d5f80000)
  to   space 1536K, 0% used [0x00000000d5c80000,0x00000000d5c80000,0x00000000d5e00000)
 ParOldGen       total 741888K, used 741773K [0x0000000080000000, 0x00000000ad480000, 0x00000000d5580000)
  object space 741888K, 99% used [0x0000000080000000,0x00000000ad463620,0x00000000ad480000)
 Metaspace       used 87772K, committed 89472K, reserved 1179648K
  class space    used 9137K, committed 9856K, reserved 1048576K
}
Event: 894.806 GC heap after
{Heap after GC invocations=1179 (full 4):
 PSYoungGen      total 8704K, used 1536K [0x00000000d5580000, 0x00000000d6380000, 0x0000000100000000)
  eden space 7168K, 0% used [0x00000000d5580000,0x00000000d5580000,0x00000000d5c80000)
  from space 1536K, 100% used [0x00000000d5c80000,0x00000000d5e00000,0x00000000d5e00000)
  to   space 3584K, 0% used [0x00000000d6000000,0x00000000d6000000,0x00000000d6380000)
 ParOldGen       total 743424K, used 743112K [0x0000000080000000, 0x00000000ad600000, 0x00000000d5580000)
  object space 743424K, 99% used [0x0000000080000000,0x00000000ad5b23a0,0x00000000ad600000)
 Metaspace       used 87772K, committed 89472K, reserved 1179648K
  class space    used 9137K, committed 9856K, reserved 1048576K
}
Event: 895.249 GC heap before
{Heap before GC invocations=1180 (full 4):
 PSYoungGen      total 8704K, used 8704K [0x00000000d5580000, 0x00000000d6380000, 0x0000000100000000)
  eden space 7168K, 100% used [0x00000000d5580000,0x00000000d5c80000,0x00000000d5c80000)
  from space 1536K, 100% used [0x00000000d5c80000,0x00000000d5e00000,0x00000000d5e00000)
  to   space 3584K, 0% used [0x00000000d6000000,0x00000000d6000000,0x00000000d6380000)
 ParOldGen       total 743424K, used 743112K [0x0000000080000000, 0x00000000ad600000, 0x00000000d5580000)
  object space 743424K, 99% used [0x0000000080000000,0x00000000ad5b23a0,0x00000000ad600000)
 Metaspace       used 87774K, committed 89472K, reserved 1179648K
  class space    used 9137K, committed 9856K, reserved 1048576K
}
Event: 895.255 GC heap after
{Heap after GC invocations=1180 (full 4):
 PSYoungGen      total 8704K, used 1344K [0x00000000d5580000, 0x00000000d6180000, 0x0000000100000000)
  eden space 7168K, 0% used [0x00000000d5580000,0x00000000d5580000,0x00000000d5c80000)
  from space 1536K, 87% used [0x00000000d6000000,0x00000000d6150000,0x00000000d6180000)
  to   space 2048K, 0% used [0x00000000d5d80000,0x00000000d5d80000,0x00000000d5f80000)
 ParOldGen       total 744960K, used 744629K [0x0000000080000000, 0x00000000ad780000, 0x00000000d5580000)
  object space 744960K, 99% used [0x0000000080000000,0x00000000ad72d6c0,0x00000000ad780000)
 Metaspace       used 87774K, committed 89472K, reserved 1179648K
  class space    used 9137K, committed 9856K, reserved 1048576K
}
Event: 895.351 GC heap before
{Heap before GC invocations=1181 (full 4):
 PSYoungGen      total 8704K, used 8512K [0x00000000d5580000, 0x00000000d6180000, 0x0000000100000000)
  eden space 7168K, 100% used [0x00000000d5580000,0x00000000d5c80000,0x00000000d5c80000)
  from space 1536K, 87% used [0x00000000d6000000,0x00000000d6150000,0x00000000d6180000)
  to   space 2048K, 0% used [0x00000000d5d80000,0x00000000d5d80000,0x00000000d5f80000)
 ParOldGen       total 744960K, used 744629K [0x0000000080000000, 0x00000000ad780000, 0x00000000d5580000)
  object space 744960K, 99% used [0x0000000080000000,0x00000000ad72d6c0,0x00000000ad780000)
 Metaspace       used 87775K, committed 89472K, reserved 1179648K
  class space    used 9137K, committed 9856K, reserved 1048576K
}
Event: 895.356 GC heap after
{Heap after GC invocations=1181 (full 4):
 PSYoungGen      total 8704K, used 1056K [0x00000000d5580000, 0x00000000d6080000, 0x0000000100000000)
  eden space 7168K, 0% used [0x00000000d5580000,0x00000000d5580000,0x00000000d5c80000)
  from space 1536K, 68% used [0x00000000d5d80000,0x00000000d5e88000,0x00000000d5f00000)
  to   space 1536K, 0% used [0x00000000d5f00000,0x00000000d5f00000,0x00000000d6080000)
 ParOldGen       total 745984K, used 745781K [0x0000000080000000, 0x00000000ad880000, 0x00000000d5580000)
  object space 745984K, 99% used [0x0000000080000000,0x00000000ad84d570,0x00000000ad880000)
 Metaspace       used 87775K, committed 89472K, reserved 1179648K
  class space    used 9137K, committed 9856K, reserved 1048576K
}
Event: 899.850 GC heap before
{Heap before GC invocations=1182 (full 4):
 PSYoungGen      total 8704K, used 8224K [0x00000000d5580000, 0x00000000d6080000, 0x0000000100000000)
  eden space 7168K, 100% used [0x00000000d5580000,0x00000000d5c80000,0x00000000d5c80000)
  from space 1536K, 68% used [0x00000000d5d80000,0x00000000d5e88000,0x00000000d5f00000)
  to   space 1536K, 0% used [0x00000000d5f00000,0x00000000d5f00000,0x00000000d6080000)
 ParOldGen       total 745984K, used 745781K [0x0000000080000000, 0x00000000ad880000, 0x00000000d5580000)
  object space 745984K, 99% used [0x0000000080000000,0x00000000ad84d570,0x00000000ad880000)
 Metaspace       used 87777K, committed 89472K, reserved 1179648K
  class space    used 9137K, committed 9856K, reserved 1048576K
}
Event: 899.853 GC heap after
{Heap after GC invocations=1182 (full 4):
 PSYoungGen      total 7680K, used 256K [0x00000000d5580000, 0x00000000d5f80000, 0x0000000100000000)
  eden space 7168K, 0% used [0x00000000d5580000,0x00000000d5580000,0x00000000d5c80000)
  from space 512K, 50% used [0x00000000d5f00000,0x00000000d5f40000,0x00000000d5f80000)
  to   space 1024K, 0% used [0x00000000d5d80000,0x00000000d5d80000,0x00000000d5e80000)
 ParOldGen       total 745984K, used 745805K [0x0000000080000000, 0x00000000ad880000, 0x00000000d5580000)
  object space 745984K, 99% used [0x0000000080000000,0x00000000ad853570,0x00000000ad880000)
 Metaspace       used 87777K, committed 89472K, reserved 1179648K
  class space    used 9137K, committed 9856K, reserved 1048576K
}
Event: 910.976 GC heap before
{Heap before GC invocations=1183 (full 4):
 PSYoungGen      total 7680K, used 7424K [0x00000000d5580000, 0x00000000d5f80000, 0x0000000100000000)
  eden space 7168K, 100% used [0x00000000d5580000,0x00000000d5c80000,0x00000000d5c80000)
  from space 512K, 50% used [0x00000000d5f00000,0x00000000d5f40000,0x00000000d5f80000)
  to   space 1024K, 0% used [0x00000000d5d80000,0x00000000d5d80000,0x00000000d5e80000)
 ParOldGen       total 745984K, used 745805K [0x0000000080000000, 0x00000000ad880000, 0x00000000d5580000)
  object space 745984K, 99% used [0x0000000080000000,0x00000000ad853570,0x00000000ad880000)
 Metaspace       used 87782K, committed 89472K, reserved 1179648K
  class space    used 9137K, committed 9856K, reserved 1048576K
}
Event: 911.032 GC heap after
{Heap after GC invocations=1183 (full 4):
 PSYoungGen      total 8192K, used 1001K [0x00000000d5580000, 0x00000000d6180000, 0x0000000100000000)
  eden space 7168K, 0% used [0x00000000d5580000,0x00000000d5580000,0x00000000d5c80000)
  from space 1024K, 97% used [0x00000000d5d80000,0x00000000d5e7a4f0,0x00000000d5e80000)
  to   space 2560K, 0% used [0x00000000d5f00000,0x00000000d5f00000,0x00000000d6180000)
 ParOldGen       total 747008K, used 746610K [0x0000000080000000, 0x00000000ad980000, 0x00000000d5580000)
  object space 747008K, 99% used [0x0000000080000000,0x00000000ad91ca40,0x00000000ad980000)
 Metaspace       used 87782K, committed 89472K, reserved 1179648K
  class space    used 9137K, committed 9856K, reserved 1048576K
}
Event: 911.295 GC heap before
{Heap before GC invocations=1184 (full 4):
 PSYoungGen      total 8192K, used 8169K [0x00000000d5580000, 0x00000000d6180000, 0x0000000100000000)
  eden space 7168K, 100% used [0x00000000d5580000,0x00000000d5c80000,0x00000000d5c80000)
  from space 1024K, 97% used [0x00000000d5d80000,0x00000000d5e7a4f0,0x00000000d5e80000)
  to   space 2560K, 0% used [0x00000000d5f00000,0x00000000d5f00000,0x00000000d6180000)
 ParOldGen       total 747008K, used 746610K [0x0000000080000000, 0x00000000ad980000, 0x00000000d5580000)
  object space 747008K, 99% used [0x0000000080000000,0x00000000ad91ca40,0x00000000ad980000)
 Metaspace       used 87784K, committed 89472K, reserved 1179648K
  class space    used 9137K, committed 9856K, reserved 1048576K
}
Event: 911.313 GC heap after
{Heap after GC invocations=1184 (full 4):
 PSYoungGen      total 8192K, used 2546K [0x00000000d5580000, 0x00000000d6480000, 0x0000000100000000)
  eden space 5632K, 0% used [0x00000000d5580000,0x00000000d5580000,0x00000000d5b00000)
  from space 2560K, 99% used [0x00000000d5f00000,0x00000000d617c960,0x00000000d6180000)
  to   space 4096K, 0% used [0x00000000d5b00000,0x00000000d5b00000,0x00000000d5f00000)
 ParOldGen       total 747520K, used 747413K [0x0000000080000000, 0x00000000ada00000, 0x00000000d5580000)
  object space 747520K, 99% used [0x0000000080000000,0x00000000ad9e56b0,0x00000000ada00000)
 Metaspace       used 87784K, committed 89472K, reserved 1179648K
  class space    used 9137K, committed 9856K, reserved 1048576K
}
Event: 911.387 GC heap before
{Heap before GC invocations=1185 (full 4):
 PSYoungGen      total 8192K, used 8178K [0x00000000d5580000, 0x00000000d6480000, 0x0000000100000000)
  eden space 5632K, 100% used [0x00000000d5580000,0x00000000d5b00000,0x00000000d5b00000)
  from space 2560K, 99% used [0x00000000d5f00000,0x00000000d617c960,0x00000000d6180000)
  to   space 4096K, 0% used [0x00000000d5b00000,0x00000000d5b00000,0x00000000d5f00000)
 ParOldGen       total 747520K, used 747413K [0x0000000080000000, 0x00000000ada00000, 0x00000000d5580000)
  object space 747520K, 99% used [0x0000000080000000,0x00000000ad9e56b0,0x00000000ada00000)
 Metaspace       used 87785K, committed 89472K, reserved 1179648K
  class space    used 9137K, committed 9856K, reserved 1048576K
}
Event: 911.411 GC heap after
{Heap after GC invocations=1185 (full 4):
 PSYoungGen      total 9216K, used 3218K [0x00000000d5580000, 0x00000000d6200000, 0x0000000100000000)
  eden space 5632K, 0% used [0x00000000d5580000,0x00000000d5580000,0x00000000d5b00000)
  from space 3584K, 89% used [0x00000000d5b00000,0x00000000d5e24960,0x00000000d5e80000)
  to   space 3584K, 0% used [0x00000000d5e80000,0x00000000d5e80000,0x00000000d6200000)
 ParOldGen       total 749056K, used 748564K [0x0000000080000000, 0x00000000adb80000, 0x00000000d5580000)
  object space 749056K, 99% used [0x0000000080000000,0x00000000adb052d0,0x00000000adb80000)
 Metaspace       used 87785K, committed 89472K, reserved 1179648K
  class space    used 9137K, committed 9856K, reserved 1048576K
}

